Engine-Match Monday, June 05, 2017 1:39:50 PM
 Blitz 1:30/6 

Pairing 2/6 :    SOS 5.1 for Arena  -  Spike 1.4

PGN-File: C:\Users\sasagawak3540\Desktop\Project_KyleSasagawa\Arena\Arena.pgn

No:  B/W 1/2     W:B       1:2           Time        Value Moves Dep 1:2       1-2-Draws

--------------------------------------------------------------

Engine-Match Monday, June 05, 2017 1:53:20 PM
 Blitz 1:30/6 

Pairing 3/6 :    SOS 5.1 for Arena  -  AnMon 5.75

PGN-File: C:\Users\sasagawak3540\Desktop\Project_KyleSasagawa\Arena\Arena.pgn

No:  B/W 1/2     W:B       1:2           Time        Value Moves Dep 1:2       1-2-Draws

--------------------------------------------------------------

Engine-Match Monday, June 05, 2017 2:10:05 PM
 Blitz 1:30/6 

Pairing 4/6 :    Spike 1.4  -  Stockfish_8_x64

PGN-File: C:\Users\sasagawak3540\Desktop\Project_KyleSasagawa\Arena\Arena.pgn

No:  B/W 1/2     W:B       1:2           Time        Value Moves Dep 1:2       1-2-Draws

--------------------------------------------------------------

Engine-Match Monday, June 05, 2017 2:12:53 PM
 Blitz 1:30/6 

Pairing 5/6 :    AnMon 5.75  -  Spike 1.4

PGN-File: C:\Users\sasagawak3540\Desktop\Project_KyleSasagawa\Arena\Arena.pgn

No:  B/W 1/2     W:B       1:2           Time        Value Moves Dep 1:2       1-2-Draws

--------------------------------------------------------------

Engine-Match Monday, June 05, 2017 2:26:08 PM
 Blitz 1:30/6 

Pairing 6/6 :    Stockfish_8_x64  -  SOS 5.1 for Arena

PGN-File: C:\Users\sasagawak3540\Desktop\Project_KyleSasagawa\Arena\Arena.pgn

No:  B/W 1/2     W:B       1:2           Time        Value Moves Dep 1:2       1-2-Draws

--------------------------------------------------------------

Engine-Match Monday, June 05, 2017 2:34:31 PM
 Blitz 1:30/6 

Pairing 1/6 :    AnMon 5.75  -  Stockfish_8_x64

PGN-File: C:\Users\sasagawak3540\Desktop\Project_KyleSasagawa\Arena\Arena.pgn

No:  B/W 1/2     W:B       1:2           Time        Value Moves Dep 1:2       1-2-Draws
